[0.012s] Invoking command in '/home/mitsunoto/ros2_ws/src/path_controller/build/path_controller': CMAKE_PREFIX_PATH=${CMAKE_PREFIX_PATH}:/home/mitsunoto/ros2_ws/src/install/my_robot_controller:/home/mitsunoto/ros2_ws/install/my_robot_controller:/opt/ros/rolling /usr/bin/cmake /home/mitsunoto/ros2_ws/src/path_controller -DCMAKE_INSTALL_PREFIX=/home/mitsunoto/ros2_ws/src/path_controller/install/path_controller
[0.172s] -- The C compiler identification is GNU 11.4.0
[0.743s] -- The CXX compiler identification is GNU 11.4.0
[1.155s] -- Detecting C compiler ABI info
[1.314s] -- Detecting C compiler ABI info - done
[1.321s] -- Check for working C compiler: /usr/bin/cc - skipped
[1.321s] -- Detecting C compile features
[1.322s] -- Detecting C compile features - done
[1.325s] -- Detecting CXX compiler ABI info
[1.476s] -- Detecting CXX compiler ABI info - done
[1.486s] -- Check for working CXX compiler: /usr/bin/c++ - skipped
[1.487s] -- Detecting CXX compile features
[1.487s] -- Detecting CXX compile features - done
[1.490s] -- Found ament_cmake: 2.3.2 (/opt/ros/rolling/share/ament_cmake/cmake)
[1.628s] -- Found Python3: /usr/bin/python3.10 (found version "3.10.12") found components: Interpreter 
[1.710s] -- Found rclcpp: 27.0.0 (/opt/ros/rolling/share/rclcpp/cmake)
[1.873s] -- Found rosidl_generator_c: 4.5.1 (/opt/ros/rolling/share/rosidl_generator_c/cmake)
[1.884s] -- Found rosidl_generator_cpp: 4.5.1 (/opt/ros/rolling/share/rosidl_generator_cpp/cmake)
[1.901s] -- Using all available rosidl_typesupport_c: rosidl_typesupport_fastrtps_c;rosidl_typesupport_introspection_c
[1.921s] -- Using all available rosidl_typesupport_cpp: rosidl_typesupport_fastrtps_cpp;rosidl_typesupport_introspection_cpp
[2.088s] -- Found rmw_implementation_cmake: 7.3.0 (/opt/ros/rolling/share/rmw_implementation_cmake/cmake)
[2.091s] -- Found rmw_fastrtps_cpp: 8.2.0 (/opt/ros/rolling/share/rmw_fastrtps_cpp/cmake)
[3.520s] -- Found OpenSSL: /usr/lib/x86_64-linux-gnu/libcrypto.so (found version "3.0.2")  
[4.878s] -- Found FastRTPS: /opt/ros/rolling/include  
[7.497s] -- Using RMW implementation 'rmw_fastrtps_cpp' as default
[7.798s] -- Found nav_msgs: 5.3.0 (/opt/ros/rolling/share/nav_msgs/cmake)
[8.012s] -- Found OpenCV: /usr (found version "4.5.4") 
[8.104s] -- Found rclcpp_lifecycle: 27.0.0 (/opt/ros/rolling/share/rclcpp_lifecycle/cmake)
[8.206s] -- Found ament_lint_auto: 0.16.3 (/opt/ros/rolling/share/ament_lint_auto/cmake)
[8.266s] -- Added test 'cppcheck' to perform static code analysis on C / C++ code
[8.266s] -- Configured cppcheck include dirs: 
[8.266s] -- Configured cppcheck exclude dirs and/or files: 
[8.267s] -- Added test 'lint_cmake' to check CMake code style
[8.270s] -- Added test 'uncrustify' to check C / C++ code style
[8.270s] -- Configured uncrustify additional arguments: 
[8.271s] -- Added test 'xmllint' to check XML markup files
[8.272s] -- Configuring done
[8.325s] -- Generating done
[8.327s] -- Build files have been written to: /home/mitsunoto/ros2_ws/src/path_controller/build/path_controller
[8.338s] Invoked command in '/home/mitsunoto/ros2_ws/src/path_controller/build/path_controller' returned '0': CMAKE_PREFIX_PATH=${CMAKE_PREFIX_PATH}:/home/mitsunoto/ros2_ws/src/install/my_robot_controller:/home/mitsunoto/ros2_ws/install/my_robot_controller:/opt/ros/rolling /usr/bin/cmake /home/mitsunoto/ros2_ws/src/path_controller -DCMAKE_INSTALL_PREFIX=/home/mitsunoto/ros2_ws/src/path_controller/install/path_controller
[8.340s] Invoking command in '/home/mitsunoto/ros2_ws/src/path_controller/build/path_controller': CMAKE_PREFIX_PATH=${CMAKE_PREFIX_PATH}:/home/mitsunoto/ros2_ws/src/install/my_robot_controller:/home/mitsunoto/ros2_ws/install/my_robot_controller:/opt/ros/rolling /usr/bin/cmake --build /home/mitsunoto/ros2_ws/src/path_controller/build/path_controller -- -j12 -l12
[8.385s] [  4%] [34m[1mAutomatic MOC and UIC for target robot_controller[0m
[8.385s] [ 16%] [34m[1mAutomatic MOC and UIC for target map_loader[0m
[8.385s] [ 16%] [34m[1mAutomatic MOC and UIC for target goal_handler[0m
[8.386s] [ 16%] [34m[1mAutomatic MOC and UIC for target path_planner[0m
[8.386s] [ 20%] [34m[1mAutomatic MOC and UIC for target map_visualizer[0m
[8.387s] [ 25%] [34m[1mAutomatic MOC and UIC for target localization_node[0m
[8.413s] [ 25%] Built target map_visualizer_autogen
[8.413s] [ 25%] Built target path_planner_autogen
[8.413s] [ 25%] Built target goal_handler_autogen
[8.413s] [ 25%] Built target map_loader_autogen
[8.413s] [ 25%] Built target localization_node_autogen
[8.414s] [ 25%] Built target robot_controller_autogen
[8.432s] [ 29%] [32mBuilding CXX object CMakeFiles/goal_handler.dir/goal_handler_autogen/mocs_compilation.cpp.o[0m
[8.432s] [ 37%] [32mBuilding CXX object CMakeFiles/robot_controller.dir/robot_controller_autogen/mocs_compilation.cpp.o[0m
[8.432s] [ 37%] [32mBuilding CXX object CMakeFiles/map_visualizer.dir/src/map_visualizer.cpp.o[0m
[8.432s] [ 54%] [32mBuilding CXX object CMakeFiles/path_planner.dir/path_planner_autogen/mocs_compilation.cpp.o[0m
[8.432s] [ 54%] [32mBuilding CXX object CMakeFiles/localization_node.dir/localization_node_autogen/mocs_compilation.cpp.o[0m
[8.432s] [ 54%] [32mBuilding CXX object CMakeFiles/path_planner.dir/src/path_planner.cpp.o[0m
[8.432s] [ 54%] [32mBuilding CXX object CMakeFiles/localization_node.dir/src/localization_node.cpp.o[0m
[8.433s] [ 62%] [32mBuilding CXX object CMakeFiles/goal_handler.dir/src/goal_handler.cpp.o[0m
[8.434s] [ 62%] [32mBuilding CXX object CMakeFiles/map_visualizer.dir/map_visualizer_autogen/mocs_compilation.cpp.o[0m
[8.434s] [ 66%] [32mBuilding CXX object CMakeFiles/robot_controller.dir/src/robot_controller.cpp.o[0m
[8.440s] [ 70%] [32mBuilding CXX object CMakeFiles/map_loader.dir/map_loader_autogen/mocs_compilation.cpp.o[0m
[8.442s] [ 75%] [32mBuilding CXX object CMakeFiles/map_loader.dir/src/map_loader.cpp.o[0m
[8.800s] [01m[K/home/mitsunoto/ros2_ws/src/path_controller/src/map_visualizer.cpp:1217:10:[m[K [01;31m[Kfatal error: [m[Kmap_visualizer.moc: No such file or directory
[8.800s]  1217 | #include [01;31m[K"map_visualizer.moc"[m[K
[8.800s]       |          [01;31m[K^~~~~~~~~~~~~~~~~~~~[m[K
[8.801s] compilation terminated.
[8.803s] gmake[2]: *** [CMakeFiles/map_visualizer.dir/build.make:90: CMakeFiles/map_visualizer.dir/src/map_visualizer.cpp.o] Error 1
[8.804s] gmake[1]: *** [CMakeFiles/Makefile2:179: CMakeFiles/map_visualizer.dir/all] Error 2
[8.804s] gmake[1]: *** Waiting for unfinished jobs....
[15.132s] [ 79%] [32m[1mLinking CXX executable goal_handler[0m
[15.504s] [ 79%] Built target goal_handler
[16.333s] [ 83%] [32m[1mLinking CXX executable robot_controller[0m
[16.734s] [ 83%] Built target robot_controller
[17.717s] [ 87%] [32m[1mLinking CXX executable map_loader[0m
[18.573s] [ 87%] Built target map_loader
[19.431s] [ 91%] [32m[1mLinking CXX executable localization_node[0m
[20.049s] [ 91%] Built target localization_node
[24.110s] [ 95%] [32m[1mLinking CXX executable path_planner[0m
[24.889s] [ 95%] Built target path_planner
[24.889s] gmake: *** [Makefile:146: all] Error 2
[24.891s] Invoked command in '/home/mitsunoto/ros2_ws/src/path_controller/build/path_controller' returned '2': CMAKE_PREFIX_PATH=${CMAKE_PREFIX_PATH}:/home/mitsunoto/ros2_ws/src/install/my_robot_controller:/home/mitsunoto/ros2_ws/install/my_robot_controller:/opt/ros/rolling /usr/bin/cmake --build /home/mitsunoto/ros2_ws/src/path_controller/build/path_controller -- -j12 -l12
